<?xml version="1.0" encoding="UTF-8"?>
<!-- Generated by org.testng.reporters.JUnitReportReporter -->
<testsuite skipped="0" hostname="Mac-1636639193755.local" name="com.anji.test.CreateArticleTest" tests="3" failures="0" timestamp="11 Nov 2021 14:13:58 GMT" time="7.055" errors="0">
  <testcase name="testCreateArticleWithSpecialCharacters" time="4.823" classname="com.anji.test.CreateArticleTest"/>
  <testcase name="testCreateArticle" time="1.624" classname="com.anji.test.CreateArticleTest"/>
  <testcase name="testArticleCannotBeCreatedWithoutAuthorization" time="0.608" classname="com.anji.test.CreateArticleTest"/>
</testsuite> <!-- com.anji.test.CreateArticleTest -->
