<?xml version="1.0" encoding="UTF-8"?>
<!-- Generated by org.testng.reporters.JUnitReportReporter -->
<testsuite skipped="0" hostname="Mac-1636642236758.local" name="com.anji.test.CreateArticleTest" tests="3" failures="0" timestamp="11 Nov 2021 14:53:51 GMT" time="5.332" errors="0">
  <testcase name="testArticleCannotBeCreatedWithoutAuthorization" time="2.907" classname="com.anji.test.CreateArticleTest"/>
  <testcase name="testCreateArticle" time="1.463" classname="com.anji.test.CreateArticleTest"/>
  <testcase name="testCreateArticleWithSpecialCharacters" time="0.962" classname="com.anji.test.CreateArticleTest"/>
</testsuite> <!-- com.anji.test.CreateArticleTest -->
