<?xml version="1.0" encoding="UTF-8"?>
<!-- Generated by org.testng.reporters.JUnitReportReporter -->
<testsuite skipped="0" hostname="Mac-1636637549507.local" name="com.anji.test.CreateArticleTest" tests="3" failures="0" timestamp="11 Nov 2021 13:57:36 GMT" time="5.383" errors="0">
  <testcase name="testArticleCannotBeCreatedWithoutAuthorization" time="0.711" classname="com.anji.test.CreateArticleTest"/>
  <testcase name="testCreateArticleWithSpecialCharacters" time="0.996" classname="com.anji.test.CreateArticleTest"/>
  <testcase name="testCreateArticle" time="3.676" classname="com.anji.test.CreateArticleTest"/>
</testsuite> <!-- com.anji.test.CreateArticleTest -->
