<?xml version="1.0" encoding="UTF-8"?>
<!-- Generated by org.testng.reporters.JUnitReportReporter -->
<testsuite skipped="0" hostname="Mac-1636641666328.local" name="com.anji.test.CreateArticleTest" tests="3" failures="0" timestamp="11 Nov 2021 14:49:04 GMT" time="5.989" errors="0">
  <testcase name="testCreateArticle" time="4.135" classname="com.anji.test.CreateArticleTest"/>
  <testcase name="testCreateArticleWithSpecialCharacters" time="1.042" classname="com.anji.test.CreateArticleTest"/>
  <testcase name="testArticleCannotBeCreatedWithoutAuthorization" time="0.812" classname="com.anji.test.CreateArticleTest"/>
</testsuite> <!-- com.anji.test.CreateArticleTest -->
